2018-10-30 13:01:40.585  WARN 2572 --- [HikariPool-1 housekeeper] com.zaxxer.hikari.pool.HikariPool        : HikariPool-1 - Thread starvation or clock leap detected (housekeeper delta=19h58m23s636ms736µs139ns).
2018-10-30 13:07:55.334 ERROR 2572 --- [http-nio-8080-exec-9] o.a.t.websocket.pojo.PojoEndpointBase    : Failed to call onClose method of POJO end point for POJO of type [iastate.cs309.server.Chat.RudeEndpoint]

java.lang.reflect.InvocationTargetException: null
	at sun.reflect.NativeMethodAccessorImpl.invoke0(Native Method) ~[na:1.8.0_181]
	at sun.reflect.NativeMethodAccessorImpl.invoke(NativeMethodAccessorImpl.java:62) ~[na:1.8.0_181]
	at sun.reflect.DelegatingMethodAccessorImpl.invoke(DelegatingMethodAccessorImpl.java:43) ~[na:1.8.0_181]
	at java.lang.reflect.Method.invoke(Method.java:498) ~[na:1.8.0_181]
	at org.apache.tomcat.websocket.pojo.PojoEndpointBase.onClose(PojoEndpointBase.java:106) ~[tomcat-embed-websocket-8.5.34.jar:8.5.34]
	at org.apache.tomcat.websocket.WsSession.fireEndpointOnClose(WsSession.java:535) [tomcat-embed-websocket-8.5.34.jar:8.5.34]
	at org.apache.tomcat.websocket.WsSession.onClose(WsSession.java:513) [tomcat-embed-websocket-8.5.34.jar:8.5.34]
	at org.apache.tomcat.websocket.WsFrameBase.processDataControl(WsFrameBase.java:347) [tomcat-embed-websocket-8.5.34.jar:8.5.34]
	at org.apache.tomcat.websocket.WsFrameBase.processData(WsFrameBase.java:289) [tomcat-embed-websocket-8.5.34.jar:8.5.34]
	at org.apache.tomcat.websocket.WsFrameBase.processInputBuffer(WsFrameBase.java:133) [tomcat-embed-websocket-8.5.34.jar:8.5.34]
	at org.apache.tomcat.websocket.server.WsFrameServer.onDataAvailable(WsFrameServer.java:82) [tomcat-embed-websocket-8.5.34.jar:8.5.34]
	at org.apache.tomcat.websocket.server.WsFrameServer.doOnDataAvailable(WsFrameServer.java:171) [tomcat-embed-websocket-8.5.34.jar:8.5.34]
	at org.apache.tomcat.websocket.server.WsFrameServer.notifyDataAvailable(WsFrameServer.java:151) [tomcat-embed-websocket-8.5.34.jar:8.5.34]
	at org.apache.tomcat.websocket.server.WsHttpUpgradeHandler.upgradeDispatch(WsHttpUpgradeHandler.java:148) [tomcat-embed-websocket-8.5.34.jar:8.5.34]
	at org.apache.coyote.http11.upgrade.UpgradeProcessorInternal.dispatch(UpgradeProcessorInternal.java:54) [tomcat-embed-core-8.5.34.jar:8.5.34]
	at org.apache.coyote.AbstractProcessorLight.process(AbstractProcessorLight.java:53) [tomcat-embed-core-8.5.34.jar:8.5.34]
	at org.apache.coyote.AbstractProtocol$ConnectionHandler.process(AbstractProtocol.java:806) [tomcat-embed-core-8.5.34.jar:8.5.34]
	at org.apache.tomcat.util.net.NioEndpoint$SocketProcessor.doRun(NioEndpoint.java:1498) [tomcat-embed-core-8.5.34.jar:8.5.34]
	at org.apache.tomcat.util.net.SocketProcessorBase.run(SocketProcessorBase.java:49) [tomcat-embed-core-8.5.34.jar:8.5.34]
	at java.util.concurrent.ThreadPoolExecutor.runWorker(ThreadPoolExecutor.java:1149) [na:1.8.0_181]
	at java.util.concurrent.ThreadPoolExecutor$Worker.run(ThreadPoolExecutor.java:624) [na:1.8.0_181]
	at org.apache.tomcat.util.threads.TaskThread$WrappingRunnable.run(TaskThread.java:61) [tomcat-embed-core-8.5.34.jar:8.5.34]
	at java.lang.Thread.run(Thread.java:748) [na:1.8.0_181]
Caused by: java.lang.IllegalStateException: Message will not be sent because the WebSocket session has been closed
	at org.apache.tomcat.websocket.WsRemoteEndpointImplBase.writeMessagePart(WsRemoteEndpointImplBase.java:424) ~[tomcat-embed-websocket-8.5.34.jar:8.5.34]
	at org.apache.tomcat.websocket.WsRemoteEndpointImplBase.sendMessageBlock(WsRemoteEndpointImplBase.java:309) ~[tomcat-embed-websocket-8.5.34.jar:8.5.34]
	at org.apache.tomcat.websocket.WsRemoteEndpointImplBase.sendMessageBlock(WsRemoteEndpointImplBase.java:250) ~[tomcat-embed-websocket-8.5.34.jar:8.5.34]
	at org.apache.tomcat.websocket.WsRemoteEndpointImplBase.sendString(WsRemoteEndpointImplBase.java:191) ~[tomcat-embed-websocket-8.5.34.jar:8.5.34]
	at org.apache.tomcat.websocket.WsRemoteEndpointBasic.sendText(WsRemoteEndpointBasic.java:37) ~[tomcat-embed-websocket-8.5.34.jar:8.5.34]
	at iastate.cs309.server.Chat.RudeEndpoint.lambda$broadcast$0(RudeEndpoint.java:32) ~[classes/:na]
	at java.util.concurrent.CopyOnWriteArrayList.forEach(CopyOnWriteArrayList.java:891) ~[na:1.8.0_181]
	at java.util.concurrent.CopyOnWriteArraySet.forEach(CopyOnWriteArraySet.java:404) ~[na:1.8.0_181]
	at iastate.cs309.server.Chat.RudeEndpoint.broadcast(RudeEndpoint.java:28) ~[classes/:na]
	at iastate.cs309.server.Chat.RudeEndpoint.onClose(RudeEndpoint.java:106) ~[classes/:na]
	... 23 common frames omitted

2018-10-30 13:07:55.342 ERROR 2572 --- [http-nio-8080-exec-9] iastate.cs309.server.Chat.RudeEndpoint   : org.apache.tomcat.websocket.WsSession@4ac080d9
2018-10-30 13:07:55.344 ERROR 2572 --- [http-nio-8080-exec-9] iastate.cs309.server.Chat.RudeEndpoint   : null
